[LOG] System::create                           : Header version = 2.02.18. Current version = 2.02.18.
[LOG] Manager::init                            : maxchannels = 256 studioflags = 00000006 flags 00000000 extradriverdata 0000000000000000.
[LOG] SystemI::init                            : Initialize version=20218 (137105), maxchannels=256, flags=0x00020000
[LOG] SystemI::setOutputInternal               : Setting output to 'FMOD WASAPI Output'
[LOG] OutputWASAPI::init                       : Mix Format (WAVEFORMATEX): wFormatTag=0xFFFE, nChannels=2, nSamplesPerSec=48000, nAvgBytesPerSec=384000, nBlockAlign=8, wBitsPerSample=32, cbSize=22.
[LOG] OutputWASAPI::init                       : Mix Format (WAVEFORMATEXTENSIBLE): wValidBitsPerSample=32, dwChannelMask=0x00000003, SubFormat=00000003-0000-0010-8000-00AA00389B71.
[LOG] OutputWASAPI::init                       : Output buffer size: 4096 samples, latency: 0.00ms, period: 10.00ms, DSP buffer: 1024 * 4
[LOG] Thread::initThread                       : Init FMOD stream thread. Affinity: 0x4000000000000003, Priority: 0xFFFF7FFB, Stack Size: 98304, Semaphore: No, Sleep Time: 10, Looping: Yes.
[LOG] Thread::initThread                       : Init FMOD mixer thread. Affinity: 0x4000000000000001, Priority: 0xFFFF7FFA, Stack Size: 81920, Semaphore: No, Sleep Time: 0, Looping: Yes.
[LOG] AsyncManager::init                       : manager 000001B039593868 isAsync 0 updatePeriod 0.02
[LOG] AsyncManager::init                       : done
[LOG] PlaybackSystem::init                     : 
[LOG] Thread::initThread                       : Init FMOD Studio sample load thread. Affinity: 0x4000000000000003, Priority: 0xFFFF7FFD, Stack Size: 98304, Semaphore: No, Sleep Time: 1, Looping: No.
[LOG] PlaybackSystem::init                     : done
[LOG] Thread::initThread                       : Init FMOD Studio bank load thread. Affinity: 0x4000000000000003, Priority: 0xFFFF7FFD, Stack Size: 98304, Semaphore: No, Sleep Time: 1, Looping: No.
[LOG] Manager::init                            : done.
[LOG] Manager::readBank                        : fileversion = 142, compatVersion = 140 (oldest = 44, newest = 142)
[LOG] Manager::readBank                        : fileversion = 142, compatVersion = 140 (oldest = 44, newest = 142)
[LOG] PlaybackSystem::acquireMasterBus         : Setting master channel group format to 6
[LOG] SystemI::createSoundInternal             : Create name='', mode=0x02000202
[LOG] SystemI::createSoundInternal             : exinfo->cbsize             = 224
[LOG] SystemI::createSoundInternal             : exinfo->length             = 3720128
[LOG] SystemI::createSoundInternal             : exinfo->fileoffset         = 80448
[LOG] SystemI::createSoundInternal             : exinfo->numsubsounds       = 1
[LOG] SystemI::createSoundInternal             : exinfo->inclusionlist      = 0000000AC2A6F458
[LOG] SystemI::createSoundInternal             : exinfo->inclusionlistnum   = 1
[LOG] SystemI::createSoundInternal             : exinfo->suggestedsoundtype = 5
[LOG] SystemI::createSoundInternal             : exinfo->useropen           = 00007FF95B9F3FA0
[LOG] SystemI::createSoundInternal             : exinfo->userclose          = 00007FF95B9F3F60
[LOG] SystemI::createSoundInternal             : exinfo->userread           = 00007FF95B9F4080
[LOG] SystemI::createSoundInternal             : exinfo->userseek           = 00007FF95B9F4140
[LOG] SystemI::createSoundInternal             : exinfo->fileuserdata       = 000001AF3E65C2B8
[LOG] SystemI::createSoundInternal             : exinfo->initialseekpostype = 1
[LOG] SystemI::DSPCodecPoolRegister            : register codec pool for pool type 5
[LOG] SystemI::createSoundInternal             : Sample 0/1: name='Dolphin 2', format=5, channels=2, frequency=48000, lengthbytes=4256, lengthpcm=17025, pcmblocksize=0, loopstart=0, loopend=0, mode=0x00000000, channelmask=0x00000000, channelorder=0, peakvolume=0.749115.
[LOG] SystemI::createSoundInternal             : Create name='', mode=0x02000202
[LOG] SystemI::createSoundInternal             : exinfo->cbsize             = 224
[LOG] SystemI::createSoundInternal             : exinfo->length             = 3720128
[LOG] SystemI::createSoundInternal             : exinfo->fileoffset         = 80448
[LOG] SystemI::createSoundInternal             : exinfo->numsubsounds       = 1
[LOG] SystemI::createSoundInternal             : exinfo->inclusionlist      = 0000000AC2A6F458
[LOG] SystemI::createSoundInternal             : exinfo->inclusionlistnum   = 1
[LOG] SystemI::createSoundInternal             : exinfo->suggestedsoundtype = 5
[LOG] SystemI::createSoundInternal             : exinfo->useropen           = 00007FF95B9F3FA0
[LOG] SystemI::createSoundInternal             : exinfo->userclose          = 00007FF95B9F3F60
[LOG] SystemI::createSoundInternal             : exinfo->userread           = 00007FF95B9F4080
[LOG] SystemI::createSoundInternal             : exinfo->userseek           = 00007FF95B9F4140
[LOG] SystemI::createSoundInternal             : exinfo->fileuserdata       = 000001AF3E65C2B8
[LOG] SystemI::createSoundInternal             : exinfo->initialseekpostype = 1
[LOG] SystemI::DSPCodecPoolRegister            : register codec pool for pool type 5
[LOG] SystemI::createSoundInternal             : Sample 0/1: name='ESM_Magic_Game_Sparkle_Spell_1_Fantasy_Cast_Craft_Mobile_App_Special_Touch_Pickup_Click', format=5, channels=2, frequency=48000, lengthbytes=22880, lengthpcm=72886, pcmblocksize=0, loopstart=0, loopend=0, mode=0x00000000, channelmask=0x00000000, channelorder=0, peakvolume=0.630957.
[LOG] SystemI::createSoundInternal             : Create name='', mode=0x02000202
[LOG] SystemI::createSoundInternal             : exinfo->cbsize             = 224
[LOG] SystemI::createSoundInternal             : exinfo->length             = 3720128
[LOG] SystemI::createSoundInternal             : exinfo->fileoffset         = 80448
[LOG] SystemI::createSoundInternal             : exinfo->numsubsounds       = 1
[LOG] SystemI::createSoundInternal             : exinfo->inclusionlist      = 0000000AC2A6F458
[LOG] SystemI::createSoundInternal             : exinfo->inclusionlistnum   = 1
[LOG] SystemI::createSoundInternal             : exinfo->suggestedsoundtype = 5
[LOG] SystemI::createSoundInternal             : exinfo->useropen           = 00007FF95B9F3FA0
[LOG] SystemI::createSoundInternal             : exinfo->userclose          = 00007FF95B9F3F60
[LOG] SystemI::createSoundInternal             : exinfo->userread           = 00007FF95B9F4080
[LOG] SystemI::createSoundInternal             : exinfo->userseek           = 00007FF95B9F4140
[LOG] SystemI::createSoundInternal             : exinfo->fileuserdata       = 000001AF3E65C2B8
[LOG] SystemI::createSoundInternal             : exinfo->initialseekpostype = 1
[LOG] SystemI::DSPCodecPoolRegister            : register codec pool for pool type 5
[LOG] SystemI::createSoundInternal             : Sample 0/1: name='Bear 1', format=5, channels=2, frequency=48000, lengthbytes=8704, lengthpcm=28839, pcmblocksize=0, loopstart=0, loopend=0, mode=0x00000000, channelmask=0x00000000, channelorder=0, peakvolume=0.988586.
[LOG] SystemI::createSoundInternal             : Create name='', mode=0x02000202
[LOG] SystemI::createSoundInternal             : exinfo->cbsize             = 224
[LOG] SystemI::createSoundInternal             : exinfo->length             = 3720128
[LOG] SystemI::createSoundInternal             : exinfo->fileoffset         = 80448
[LOG] SystemI::createSoundInternal             : exinfo->numsubsounds       = 1
[LOG] SystemI::createSoundInternal             : exinfo->inclusionlist      = 0000000AC2A6F458
[LOG] SystemI::createSoundInternal             : exinfo->inclusionlistnum   = 1
[LOG] SystemI::createSoundInternal             : exinfo->suggestedsoundtype = 5
[LOG] SystemI::createSoundInternal             : exinfo->useropen           = 00007FF95B9F3FA0
[LOG] SystemI::createSoundInternal             : exinfo->userclose          = 00007FF95B9F3F60
[LOG] SystemI::createSoundInternal             : exinfo->userread           = 00007FF95B9F4080
[LOG] SystemI::createSoundInternal             : exinfo->userseek           = 00007FF95B9F4140
[LOG] SystemI::createSoundInternal             : exinfo->fileuserdata       = 000001AF3E65C2B8
[LOG] SystemI::createSoundInternal             : exinfo->initialseekpostype = 1
[LOG] SystemI::DSPCodecPoolRegister            : register codec pool for pool type 5
[LOG] SystemI::createSoundInternal             : Sample 0/1: name='UI Slide 5', format=5, channels=2, frequency=48000, lengthbytes=12032, lengthpcm=54000, pcmblocksize=0, loopstart=0, loopend=0, mode=0x00000000, channelmask=0x00000000, channelorder=0, peakvolume=0.236053.
[LOG] SystemI::createSoundInternal             : Create name='', mode=0x02000202
[LOG] SystemI::createSoundInternal             : exinfo->cbsize             = 224
[LOG] SystemI::createSoundInternal             : exinfo->length             = 3720128
[LOG] SystemI::createSoundInternal             : exinfo->fileoffset         = 80448
[LOG] SystemI::createSoundInternal             : exinfo->numsubsounds       = 1
[LOG] SystemI::createSoundInternal             : exinfo->inclusionlist      = 0000000AC2A6F458
[LOG] SystemI::createSoundInternal             : exinfo->inclusionlistnum   = 1
[LOG] SystemI::createSoundInternal             : exinfo->suggestedsoundtype = 5
[LOG] SystemI::createSoundInternal             : exinfo->useropen           = 00007FF95B9F3FA0
[LOG] SystemI::createSoundInternal             : exinfo->userclose          = 00007FF95B9F3F60
[LOG] SystemI::createSoundInternal             : exinfo->userread           = 00007FF95B9F4080
[LOG] SystemI::createSoundInternal             : exinfo->userseek           = 00007FF95B9F4140
[LOG] SystemI::createSoundInternal             : exinfo->fileuserdata       = 000001AF3E65C2B8
[LOG] SystemI::createSoundInternal             : exinfo->initialseekpostype = 1
[LOG] SystemI::DSPCodecPoolRegister            : register codec pool for pool type 5
[LOG] SystemI::createSoundInternal             : Sample 0/1: name='UI Slide 1', format=5, channels=2, frequency=48000, lengthbytes=12224, lengthpcm=54000, pcmblocksize=0, loopstart=0, loopend=0, mode=0x00000000, channelmask=0x00000000, channelorder=0, peakvolume=0.214996.
[LOG] SystemI::createSoundInternal             : Create name='', mode=0x02000202
[LOG] SystemI::createSoundInternal             : exinfo->cbsize             = 224
[LOG] SystemI::createSoundInternal             : exinfo->length             = 3720128
[LOG] SystemI::createSoundInternal             : exinfo->fileoffset         = 80448
[LOG] SystemI::createSoundInternal             : exinfo->numsubsounds       = 1
[LOG] SystemI::createSoundInternal             : exinfo->inclusionlist      = 0000000AC2A6F458
[LOG] SystemI::createSoundInternal             : exinfo->inclusionlistnum   = 1
[LOG] SystemI::createSoundInternal             : exinfo->suggestedsoundtype = 5
[LOG] SystemI::createSoundInternal             : exinfo->useropen           = 00007FF95B9F3FA0
[LOG] SystemI::createSoundInternal             : exinfo->userclose          = 00007FF95B9F3F60
[LOG] SystemI::createSoundInternal             : exinfo->userread           = 00007FF95B9F4080
[LOG] SystemI::createSoundInternal             : exinfo->userseek           = 00007FF95B9F4140
[LOG] SystemI::createSoundInternal             : exinfo->fileuserdata       = 000001AF3E65C2B8
[LOG] SystemI::createSoundInternal             : exinfo->initialseekpostype = 1
[LOG] SystemI::DSPCodecPoolRegister            : register codec pool for pool type 5
[LOG] SystemI::createSoundInternal             : Sample 0/1: name='Sproing 2', format=5, channels=2, frequency=48000, lengthbytes=3520, lengthpcm=10752, pcmblocksize=0, loopstart=0, loopend=0, mode=0x00000000, channelmask=0x00000000, channelorder=0, peakvolume=0.700836.
[LOG] SystemI::createSoundInternal             : Create name='', mode=0x02000202
[LOG] SystemI::createSoundInternal             : exinfo->cbsize             = 224
[LOG] SystemI::createSoundInternal             : exinfo->length             = 3720128
[LOG] SystemI::createSoundInternal             : exinfo->fileoffset         = 80448
[LOG] SystemI::createSoundInternal             : exinfo->numsubsounds       = 1
[LOG] SystemI::createSoundInternal             : exinfo->inclusionlist      = 0000000AC2A6F458
[LOG] SystemI::createSoundInternal             : exinfo->inclusionlistnum   = 1
[LOG] SystemI::createSoundInternal             : exinfo->suggestedsoundtype = 5
[LOG] SystemI::createSoundInternal             : exinfo->useropen           = 00007FF95B9F3FA0
[LOG] SystemI::createSoundInternal             : exinfo->userclose          = 00007FF95B9F3F60
[LOG] SystemI::createSoundInternal             : exinfo->userread           = 00007FF95B9F4080
[LOG] SystemI::createSoundInternal             : exinfo->userseek           = 00007FF95B9F4140
[LOG] SystemI::createSoundInternal             : exinfo->fileuserdata       = 000001AF3E65C2B8
[LOG] SystemI::createSoundInternal             : exinfo->initialseekpostype = 1
[LOG] SystemI::DSPCodecPoolRegister            : register codec pool for pool type 5
[LOG] SystemI::createSoundInternal             : Sample 0/1: name='UI Slide 2', format=5, channels=2, frequency=48000, lengthbytes=12000, lengthpcm=54000, pcmblocksize=0, loopstart=0, loopend=0, mode=0x00000000, channelmask=0x00000000, channelorder=0, peakvolume=0.249390.
[LOG] SystemI::createSoundInternal             : Create name='', mode=0x02000202
[LOG] SystemI::createSoundInternal             : exinfo->cbsize             = 224
[LOG] SystemI::createSoundInternal             : exinfo->length             = 3720128
[LOG] SystemI::createSoundInternal             : exinfo->fileoffset         = 80448
[LOG] SystemI::createSoundInternal             : exinfo->numsubsounds       = 1
[LOG] SystemI::createSoundInternal             : exinfo->inclusionlist      = 0000000AC2A6F458
[LOG] SystemI::createSoundInternal             : exinfo->inclusionlistnum   = 1
[LOG] SystemI::createSoundInternal             : exinfo->suggestedsoundtype = 5
[LOG] SystemI::createSoundInternal             : exinfo->useropen           = 00007FF95B9F3FA0
[LOG] SystemI::createSoundInternal             : exinfo->userclose          = 00007FF95B9F3F60
[LOG] SystemI::createSoundInternal             : exinfo->userread           = 00007FF95B9F4080
[LOG] SystemI::createSoundInternal             : exinfo->userseek           = 00007FF95B9F4140
[LOG] SystemI::createSoundInternal             : exinfo->fileuserdata       = 000001AF3E65C2B8
[LOG] SystemI::createSoundInternal             : exinfo->initialseekpostype = 1
[LOG] SystemI::DSPCodecPoolRegister            : register codec pool for pool type 5
[LOG] SystemI::createSoundInternal             : Sample 0/1: name='Duck 5', format=5, channels=2, frequency=48000, lengthbytes=5632, lengthpcm=20903, pcmblocksize=0, loopstart=0, loopend=0, mode=0x00000000, channelmask=0x00000000, channelorder=0, peakvolume=0.891251.
[LOG] SystemI::createSoundInternal             : Create name='', mode=0x02000202
[LOG] SystemI::createSoundInternal             : exinfo->cbsize             = 224
[LOG] SystemI::createSoundInternal             : exinfo->length             = 3720128
[LOG] SystemI::createSoundInternal             : exinfo->fileoffset         = 80448
[LOG] SystemI::createSoundInternal             : exinfo->numsubsounds       = 1
[LOG] SystemI::createSoundInternal             : exinfo->inclusionlist      = 0000000AC2A6F458
[LOG] SystemI::createSoundInternal             : exinfo->inclusionlistnum   = 1
[LOG] SystemI::createSoundInternal             : exinfo->suggestedsoundtype = 5
[LOG] SystemI::createSoundInternal             : exinfo->useropen           = 00007FF95B9F3FA0
[LOG] SystemI::createSoundInternal             : exinfo->userclose          = 00007FF95B9F3F60
[LOG] SystemI::createSoundInternal             : exinfo->userread           = 00007FF95B9F4080
[LOG] SystemI::createSoundInternal             : exinfo->userseek           = 00007FF95B9F4140
[LOG] SystemI::createSoundInternal             : exinfo->fileuserdata       = 000001AF3E65C2B8
[LOG] SystemI::createSoundInternal             : exinfo->initialseekpostype = 1
[LOG] SystemI::DSPCodecPoolRegister            : register codec pool for pool type 5
[LOG] SystemI::createSoundInternal             : Sample 0/1: name='Sproing 3', format=5, channels=2, frequency=48000, lengthbytes=3104, lengthpcm=10752, pcmblocksize=0, loopstart=0, loopend=0, mode=0x00000000, channelmask=0x00000000, channelorder=0, peakvolume=0.928070.
[LOG] SystemI::createSoundInternal             : Create name='', mode=0x02000202
[LOG] SystemI::createSoundInternal             : exinfo->cbsize             = 224
[LOG] SystemI::createSoundInternal             : exinfo->length             = 3720128
[LOG] SystemI::createSoundInternal             : exinfo->fileoffset         = 80448
[LOG] SystemI::createSoundInternal             : exinfo->numsubsounds       = 1
[LOG] SystemI::createSoundInternal             : exinfo->inclusionlist      = 0000000AC2A6F458
[LOG] SystemI::createSoundInternal             : exinfo->inclusionlistnum   = 1
[LOG] SystemI::createSoundInternal             : exinfo->suggestedsoundtype = 5
[LOG] SystemI::createSoundInternal             : exinfo->useropen           = 00007FF95B9F3FA0
[LOG] SystemI::createSoundInternal             : exinfo->userclose          = 00007FF95B9F3F60
[LOG] SystemI::createSoundInternal             : exinfo->userread           = 00007FF95B9F4080
[LOG] SystemI::createSoundInternal             : exinfo->userseek           = 00007FF95B9F4140
[LOG] SystemI::createSoundInternal             : exinfo->fileuserdata       = 000001AF3E65C2B8
[LOG] SystemI::createSoundInternal             : exinfo->initialseekpostype = 1
[LOG] SystemI::DSPCodecPoolRegister            : register codec pool for pool type 5
[LOG] SystemI::createSoundInternal             : Sample 0/1: name='Dolphin 1', format=5, channels=2, frequency=48000, lengthbytes=4480, lengthpcm=17025, pcmblocksize=0, loopstart=0, loopend=0, mode=0x00000000, channelmask=0x00000000, channelorder=0, peakvolume=0.743439.
[LOG] SystemI::createSoundInternal             : Create name='', mode=0x02000202
[LOG] SystemI::createSoundInternal             : exinfo->cbsize             = 224
[LOG] SystemI::createSoundInternal             : exinfo->length             = 3720128
[LOG] SystemI::createSoundInternal             : exinfo->fileoffset         = 80448
[LOG] SystemI::createSoundInternal             : exinfo->numsubsounds       = 1
[LOG] SystemI::createSoundInternal             : exinfo->inclusionlist      = 0000000AC2A6F458
[LOG] SystemI::createSoundInternal             : exinfo->inclusionlistnum   = 1
[LOG] SystemI::createSoundInternal             : exinfo->suggestedsoundtype = 5
[LOG] SystemI::createSoundInternal             : exinfo->useropen           = 00007FF95B9F3FA0
[LOG] SystemI::createSoundInternal             : exinfo->userclose          = 00007FF95B9F3F60
[LOG] SystemI::createSoundInternal             : exinfo->userread           = 00007FF95B9F4080
[LOG] SystemI::createSoundInternal             : exinfo->userseek           = 00007FF95B9F4140
[LOG] SystemI::createSoundInternal             : exinfo->fileuserdata       = 000001AF3E65C2B8
[LOG] SystemI::createSoundInternal             : exinfo->initialseekpostype = 1
[LOG] SystemI::DSPCodecPoolRegister            : register codec pool for pool type 5
[LOG] SystemI::createSoundInternal             : Sample 0/1: name='Duck 3', format=5, channels=2, frequency=48000, lengthbytes=5984, lengthpcm=21396, pcmblocksize=0, loopstart=0, loopend=0, mode=0x00000000, channelmask=0x00000000, channelorder=0, peakvolume=0.891251.
[LOG] SystemI::createSoundInternal             : Create name='', mode=0x02000202
[LOG] SystemI::createSoundInternal             : exinfo->cbsize             = 224
[LOG] SystemI::createSoundInternal             : exinfo->length             = 3720128
[LOG] SystemI::createSoundInternal             : exinfo->fileoffset         = 80448
[LOG] SystemI::createSoundInternal             : exinfo->numsubsounds       = 1
[LOG] SystemI::createSoundInternal             : exinfo->inclusionlist      = 0000000AC2A6F458
[LOG] SystemI::createSoundInternal             : exinfo->inclusionlistnum   = 1
[LOG] SystemI::createSoundInternal             : exinfo->suggestedsoundtype = 5
[LOG] SystemI::createSoundInternal             : exinfo->useropen           = 00007FF95B9F3FA0
[LOG] SystemI::createSoundInternal             : exinfo->userclose          = 00007FF95B9F3F60
[LOG] SystemI::createSoundInternal             : exinfo->userread           = 00007FF95B9F4080
[LOG] SystemI::createSoundInternal             : exinfo->userseek           = 00007FF95B9F4140
[LOG] SystemI::createSoundInternal             : exinfo->fileuserdata       = 000001AF3E65C2B8
[LOG] SystemI::createSoundInternal             : exinfo->initialseekpostype = 1
[LOG] SystemI::DSPCodecPoolRegister            : register codec pool for pool type 5
[LOG] SystemI::createSoundInternal             : Sample 0/1: name='Duck 4', format=5, channels=2, frequency=48000, lengthbytes=5216, lengthpcm=17993, pcmblocksize=0, loopstart=0, loopend=0, mode=0x00000000, channelmask=0x00000000, channelorder=0, peakvolume=0.891251.
[LOG] SystemI::createSoundInternal             : Create name='', mode=0x02000202
[LOG] SystemI::createSoundInternal             : exinfo->cbsize             = 224
[LOG] SystemI::createSoundInternal             : exinfo->length             = 3720128
[LOG] SystemI::createSoundInternal             : exinfo->fileoffset         = 80448
[LOG] SystemI::createSoundInternal             : exinfo->numsubsounds       = 1
[LOG] SystemI::createSoundInternal             : exinfo->inclusionlist      = 0000000AC2A6F458
[LOG] SystemI::createSoundInternal             : exinfo->inclusionlistnum   = 1
[LOG] SystemI::createSoundInternal             : exinfo->suggestedsoundtype = 5
[LOG] SystemI::createSoundInternal             : exinfo->useropen           = 00007FF95B9F3FA0
[LOG] SystemI::createSoundInternal             : exinfo->userclose          = 00007FF95B9F3F60
[LOG] SystemI::createSoundInternal             : exinfo->userread           = 00007FF95B9F4080
[LOG] SystemI::createSoundInternal             : exinfo->userseek           = 00007FF95B9F4140
[LOG] SystemI::createSoundInternal             : exinfo->fileuserdata       = 000001AF3E65C2B8
[LOG] SystemI::createSoundInternal             : exinfo->initialseekpostype = 1
[LOG] SystemI::DSPCodecPoolRegister            : register codec pool for pool type 5
[LOG] SystemI::createSoundInternal             : Sample 0/1: name='Bear 3', format=5, channels=2, frequency=48000, lengthbytes=6528, lengthpcm=28673, pcmblocksize=0, loopstart=0, loopend=0, mode=0x00000000, channelmask=0x00000000, channelorder=0, peakvolume=0.667297.
[LOG] SystemI::createSoundInternal             : Create name='', mode=0x02000202
[LOG] SystemI::createSoundInternal             : exinfo->cbsize             = 224
[LOG] SystemI::createSoundInternal             : exinfo->length             = 3720128
[LOG] SystemI::createSoundInternal             : exinfo->fileoffset         = 80448
[LOG] SystemI::createSoundInternal             : exinfo->numsubsounds       = 1
[LOG] SystemI::createSoundInternal             : exinfo->inclusionlist      = 0000000AC2A6F458
[LOG] SystemI::createSoundInternal             : exinfo->inclusionlistnum   = 1
[LOG] SystemI::createSoundInternal             : exinfo->suggestedsoundtype = 5
[LOG] SystemI::createSoundInternal             : exinfo->useropen           = 00007FF95B9F3FA0
[LOG] SystemI::createSoundInternal             : exinfo->userclose          = 00007FF95B9F3F60
[LOG] SystemI::createSoundInternal             : exinfo->userread           = 00007FF95B9F4080
[LOG] SystemI::createSoundInternal             : exinfo->userseek           = 00007FF95B9F4140
[LOG] SystemI::createSoundInternal             : exinfo->fileuserdata       = 000001AF3E65C2B8
[LOG] SystemI::createSoundInternal             : exinfo->initialseekpostype = 1
[LOG] SystemI::DSPCodecPoolRegister            : register codec pool for pool type 5
[LOG] SystemI::createSoundInternal             : Sample 0/1: name='Duck 2', format=5, channels=2, frequency=48000, lengthbytes=7648, lengthpcm=18895, pcmblocksize=0, loopstart=0, loopend=0, mode=0x00000000, channelmask=0x00000000, channelorder=0, peakvolume=0.891251.
[LOG] SystemI::createSoundInternal             : Create name='', mode=0x02000202
[LOG] SystemI::createSoundInternal             : exinfo->cbsize             = 224
[LOG] SystemI::createSoundInternal             : exinfo->length             = 3720128
[LOG] SystemI::createSoundInternal             : exinfo->fileoffset         = 80448
[LOG] SystemI::createSoundInternal             : exinfo->numsubsounds       = 1
[LOG] SystemI::createSoundInternal             : exinfo->inclusionlist      = 0000000AC2A6F458
[LOG] SystemI::createSoundInternal             : exinfo->inclusionlistnum   = 1
[LOG] SystemI::createSoundInternal             : exinfo->suggestedsoundtype = 5
[LOG] SystemI::createSoundInternal             : exinfo->useropen           = 00007FF95B9F3FA0
[LOG] SystemI::createSoundInternal             : exinfo->userclose          = 00007FF95B9F3F60
[LOG] SystemI::createSoundInternal             : exinfo->userread           = 00007FF95B9F4080
[LOG] SystemI::createSoundInternal             : exinfo->userseek           = 00007FF95B9F4140
[LOG] SystemI::createSoundInternal             : exinfo->fileuserdata       = 000001AF3E65C2B8
[LOG] SystemI::createSoundInternal             : exinfo->initialseekpostype = 1
[LOG] SystemI::DSPCodecPoolRegister            : register codec pool for pool type 5
[LOG] SystemI::createSoundInternal             : Sample 0/1: name='Sproing 1', format=5, channels=2, frequency=48000, lengthbytes=3232, lengthpcm=10752, pcmblocksize=0, loopstart=0, loopend=0, mode=0x00000000, channelmask=0x00000000, channelorder=0, peakvolume=0.455078.
[LOG] SystemI::createSoundInternal             : Create name='', mode=0x02000202
[LOG] SystemI::createSoundInternal             : exinfo->cbsize             = 224
[LOG] SystemI::createSoundInternal             : exinfo->length             = 3720128
[LOG] SystemI::createSoundInternal             : exinfo->fileoffset         = 80448
[LOG] SystemI::createSoundInternal             : exinfo->numsubsounds       = 1
[LOG] SystemI::createSoundInternal             : exinfo->inclusionlist      = 0000000AC2A6F458
[LOG] SystemI::createSoundInternal             : exinfo->inclusionlistnum   = 1
[LOG] SystemI::createSoundInternal             : exinfo->suggestedsoundtype = 5
[LOG] SystemI::createSoundInternal             : exinfo->useropen           = 00007FF95B9F3FA0
[LOG] SystemI::createSoundInternal             : exinfo->userclose          = 00007FF95B9F3F60
[LOG] SystemI::createSoundInternal             : exinfo->userread           = 00007FF95B9F4080
[LOG] SystemI::createSoundInternal             : exinfo->userseek           = 00007FF95B9F4140
[LOG] SystemI::createSoundInternal             : exinfo->fileuserdata       = 000001AF3E65C2B8
[LOG] SystemI::createSoundInternal             : exinfo->initialseekpostype = 1
[LOG] SystemI::DSPCodecPoolRegister            : register codec pool for pool type 5
[LOG] SystemI::createSoundInternal             : Sample 0/1: name='Dolphin 4', format=5, channels=2, frequency=48000, lengthbytes=4064, lengthpcm=17025, pcmblocksize=0, loopstart=0, loopend=0, mode=0x00000000, channelmask=0x00000000, channelorder=0, peakvolume=0.902130.
[LOG] SystemI::createSoundInternal             : Create name='', mode=0x02000202
[LOG] SystemI::createSoundInternal             : exinfo->cbsize             = 224
[LOG] SystemI::createSoundInternal             : exinfo->length             = 3720128
[LOG] SystemI::createSoundInternal             : exinfo->fileoffset         = 80448
[LOG] SystemI::createSoundInternal             : exinfo->numsubsounds       = 1
[LOG] SystemI::createSoundInternal             : exinfo->inclusionlist      = 0000000AC2A6F458
[LOG] SystemI::createSoundInternal             : exinfo->inclusionlistnum   = 1
[LOG] SystemI::createSoundInternal             : exinfo->suggestedsoundtype = 5
[LOG] SystemI::createSoundInternal             : exinfo->useropen           = 00007FF95B9F3FA0
[LOG] SystemI::createSoundInternal             : exinfo->userclose          = 00007FF95B9F3F60
[LOG] SystemI::createSoundInternal             : exinfo->userread           = 00007FF95B9F4080
[LOG] SystemI::createSoundInternal             : exinfo->userseek           = 00007FF95B9F4140
[LOG] SystemI::createSoundInternal             : exinfo->fileuserdata       = 000001AF3E65C2B8
[LOG] SystemI::createSoundInternal             : exinfo->initialseekpostype = 1
[LOG] SystemI::DSPCodecPoolRegister            : register codec pool for pool type 5
[LOG] SystemI::createSoundInternal             : Sample 0/1: name='Duck 1', format=5, channels=2, frequency=48000, lengthbytes=5952, lengthpcm=16549, pcmblocksize=0, loopstart=0, loopend=0, mode=0x00000000, channelmask=0x00000000, channelorder=0, peakvolume=0.891251.
[LOG] SystemI::createSoundInternal             : Create name='', mode=0x02000202
[LOG] SystemI::createSoundInternal             : exinfo->cbsize             = 224
[LOG] SystemI::createSoundInternal             : exinfo->length             = 3720128
[LOG] SystemI::createSoundInternal             : exinfo->fileoffset         = 80448
[LOG] SystemI::createSoundInternal             : exinfo->numsubsounds       = 1
[LOG] SystemI::createSoundInternal             : exinfo->inclusionlist      = 0000000AC2A6F458
[LOG] SystemI::createSoundInternal             : exinfo->inclusionlistnum   = 1
[LOG] SystemI::createSoundInternal             : exinfo->suggestedsoundtype = 5
[LOG] SystemI::createSoundInternal             : exinfo->useropen           = 00007FF95B9F3FA0
[LOG] SystemI::createSoundInternal             : exinfo->userclose          = 00007FF95B9F3F60
[LOG] SystemI::createSoundInternal             : exinfo->userread           = 00007FF95B9F4080
[LOG] SystemI::createSoundInternal             : exinfo->userseek           = 00007FF95B9F4140
[LOG] SystemI::createSoundInternal             : exinfo->fileuserdata       = 000001AF3E65C2B8
[LOG] SystemI::createSoundInternal             : exinfo->initialseekpostype = 1
[LOG] SystemI::DSPCodecPoolRegister            : register codec pool for pool type 5
[LOG] SystemI::createSoundInternal             : Sample 0/1: name='UI Slide 3', format=5, channels=2, frequency=48000, lengthbytes=12384, lengthpcm=54000, pcmblocksize=0, loopstart=0, loopend=0, mode=0x00000000, channelmask=0x00000000, channelorder=0, peakvolume=0.388031.
[LOG] SystemI::createSoundInternal             : Create name='', mode=0x02000202
[LOG] SystemI::createSoundInternal             : exinfo->cbsize             = 224
[LOG] SystemI::createSoundInternal             : exinfo->length             = 3720128
[LOG] SystemI::createSoundInternal             : exinfo->fileoffset         = 80448
[LOG] SystemI::createSoundInternal             : exinfo->numsubsounds       = 1
[LOG] SystemI::createSoundInternal             : exinfo->inclusionlist      = 0000000AC2A6F458
[LOG] SystemI::createSoundInternal             : exinfo->inclusionlistnum   = 1
[LOG] SystemI::createSoundInternal             : exinfo->suggestedsoundtype = 5
[LOG] SystemI::createSoundInternal             : exinfo->useropen           = 00007FF95B9F3FA0
[LOG] SystemI::createSoundInternal             : exinfo->userclose          = 00007FF95B9F3F60
[LOG] SystemI::createSoundInternal             : exinfo->userread           = 00007FF95B9F4080
[LOG] SystemI::createSoundInternal             : exinfo->userseek           = 00007FF95B9F4140
[LOG] SystemI::createSoundInternal             : exinfo->fileuserdata       = 000001AF3E65C2B8
[LOG] SystemI::createSoundInternal             : exinfo->initialseekpostype = 1
[LOG] SystemI::DSPCodecPoolRegister            : register codec pool for pool type 5
[LOG] SystemI::createSoundInternal             : Sample 0/1: name='Dolphin 3', format=5, channels=2, frequency=48000, lengthbytes=4512, lengthpcm=17025, pcmblocksize=0, loopstart=0, loopend=0, mode=0x00000000, channelmask=0x00000000, channelorder=0, peakvolume=0.835907.
[LOG] SystemI::createSoundInternal             : Create name='', mode=0x02000202
[LOG] SystemI::createSoundInternal             : exinfo->cbsize             = 224
[LOG] SystemI::createSoundInternal             : exinfo->length             = 3720128
[LOG] SystemI::createSoundInternal             : exinfo->fileoffset         = 80448
[LOG] SystemI::createSoundInternal             : exinfo->numsubsounds       = 1
[LOG] SystemI::createSoundInternal             : exinfo->inclusionlist      = 0000000AC2A6F458
[LOG] SystemI::createSoundInternal             : exinfo->inclusionlistnum   = 1
[LOG] SystemI::createSoundInternal             : exinfo->suggestedsoundtype = 5
[LOG] SystemI::createSoundInternal             : exinfo->useropen           = 00007FF95B9F3FA0
[LOG] SystemI::createSoundInternal             : exinfo->userclose          = 00007FF95B9F3F60
[LOG] SystemI::createSoundInternal             : exinfo->userread           = 00007FF95B9F4080
[LOG] SystemI::createSoundInternal             : exinfo->userseek           = 00007FF95B9F4140
[LOG] SystemI::createSoundInternal             : exinfo->fileuserdata       = 000001AF3E65C2B8
[LOG] SystemI::createSoundInternal             : exinfo->initialseekpostype = 1
[LOG] SystemI::DSPCodecPoolRegister            : register codec pool for pool type 5
[LOG] SystemI::createSoundInternal             : Sample 0/1: name='UI Slide 6', format=5, channels=2, frequency=48000, lengthbytes=12448, lengthpcm=54000, pcmblocksize=0, loopstart=0, loopend=0, mode=0x00000000, channelmask=0x00000000, channelorder=0, peakvolume=0.326080.
[LOG] SystemI::createSoundInternal             : Create name='', mode=0x02000202
[LOG] SystemI::createSoundInternal             : exinfo->cbsize             = 224
[LOG] SystemI::createSoundInternal             : exinfo->length             = 3720128
[LOG] SystemI::createSoundInternal             : exinfo->fileoffset         = 80448
[LOG] SystemI::createSoundInternal             : exinfo->numsubsounds       = 1
[LOG] SystemI::createSoundInternal             : exinfo->inclusionlist      = 0000000AC2A6F458
[LOG] SystemI::createSoundInternal             : exinfo->inclusionlistnum   = 1
[LOG] SystemI::createSoundInternal             : exinfo->suggestedsoundtype = 5
[LOG] SystemI::createSoundInternal             : exinfo->useropen           = 00007FF95B9F3FA0
[LOG] SystemI::createSoundInternal             : exinfo->userclose          = 00007FF95B9F3F60
[LOG] SystemI::createSoundInternal             : exinfo->userread           = 00007FF95B9F4080
[LOG] SystemI::createSoundInternal             : exinfo->userseek           = 00007FF95B9F4140
[LOG] SystemI::createSoundInternal             : exinfo->fileuserdata       = 000001AF3E65C2B8
[LOG] SystemI::createSoundInternal             : exinfo->initialseekpostype = 1
[LOG] SystemI::DSPCodecPoolRegister            : register codec pool for pool type 5
[LOG] SystemI::createSoundInternal             : Sample 0/1: name='UI Slide 4', format=5, channels=2, frequency=48000, lengthbytes=12224, lengthpcm=54000, pcmblocksize=0, loopstart=0, loopend=0, mode=0x00000000, channelmask=0x00000000, channelorder=0, peakvolume=0.218475.
[LOG] SystemI::createSoundInternal             : Create name='', mode=0x02000202
[LOG] SystemI::createSoundInternal             : exinfo->cbsize             = 224
[LOG] SystemI::createSoundInternal             : exinfo->length             = 3720128
[LOG] SystemI::createSoundInternal             : exinfo->fileoffset         = 80448
[LOG] SystemI::createSoundInternal             : exinfo->numsubsounds       = 1
[LOG] SystemI::createSoundInternal             : exinfo->inclusionlist      = 0000000AC2A6F458
[LOG] SystemI::createSoundInternal             : exinfo->inclusionlistnum   = 1
[LOG] SystemI::createSoundInternal             : exinfo->suggestedsoundtype = 5
[LOG] SystemI::createSoundInternal             : exinfo->useropen           = 00007FF95B9F3FA0
[LOG] SystemI::createSoundInternal             : exinfo->userclose          = 00007FF95B9F3F60
[LOG] SystemI::createSoundInternal             : exinfo->userread           = 00007FF95B9F4080
[LOG] SystemI::createSoundInternal             : exinfo->userseek           = 00007FF95B9F4140
[LOG] SystemI::createSoundInternal             : exinfo->fileuserdata       = 000001AF3E65C2B8
[LOG] SystemI::createSoundInternal             : exinfo->initialseekpostype = 1
[LOG] SystemI::DSPCodecPoolRegister            : register codec pool for pool type 5
[LOG] SystemI::createSoundInternal             : Sample 0/1: name='Bear 2', format=5, channels=2, frequency=48000, lengthbytes=7200, lengthpcm=28673, pcmblocksize=0, loopstart=0, loopend=0, mode=0x00000000, channelmask=0x00000000, channelorder=0, peakvolume=0.684418.
[LOG] SoundI::release                          :  (000001B00DEC3F18)
[LOG] SoundI::release                          :     ESM_Magic_Game_Sparkle_Spell_1_Fantasy_Cast_Craft_Mobile_App_Special_Touch_Pickup_Click (000001AF41623488)
[LOG] SoundI::release                          :  (000001B00DEBEBB8)
[LOG] SoundI::release                          :     UI Slide 1 (000001AF3C340388)
[LOG] SoundI::release                          :  (000001AFECAE1428)
[LOG] SoundI::release                          :     UI Slide 2 (000001AF68F35B08)
[LOG] SoundI::release                          :  (000001B01276AD98)
[LOG] SoundI::release                          :     UI Slide 3 (000001B034BCC958)
[LOG] SoundI::release                          :  (000001AF688EE8B8)
[LOG] SoundI::release                          :     UI Slide 4 (000001B034B488F8)
[LOG] SoundI::release                          :  (000001B00DEC3AC8)
[LOG] SoundI::release                          :     UI Slide 5 (000001AF3C33FEA8)
[LOG] SoundI::release                          :  (000001AF688EE748)
[LOG] SoundI::release                          :     UI Slide 6 (000001B034BCBDF8)
[LOG] SoundI::release                          :  (000001B012769DC8)
[LOG] SoundI::release                          :     Duck 1 (000001B034BCBF98)
[LOG] SoundI::release                          :  (000001B01276BA88)
[LOG] SoundI::release                          :     Duck 2 (000001B034BCE4E8)
[LOG] SoundI::release                          :  (000001AFECADED58)
[LOG] SoundI::release                          :     Duck 3 (000001AF68F35488)
[LOG] SoundI::release                          :  (000001AFECADEEC8)
[LOG] SoundI::release                          :     Duck 4 (000001B034BCE1A8)
[LOG] SoundI::release                          :  (000001AFECADE4B8)
[LOG] SoundI::release                          :     Duck 5 (000001AF68F35CA8)
[LOG] SoundI::release                          :  (000001B00DEC30B8)
[LOG] SoundI::release                          :     Bear 1 (000001AF3C340048)
[LOG] SoundI::release                          :  (000001AF688EEA28)
[LOG] SoundI::release                          :     Bear 2 (000001B034B49118)
[LOG] SoundI::release                          :  (000001B01276B918)
[LOG] SoundI::release                          :     Bear 3 (000001B034BCE828)
[LOG] SoundI::release                          :  (000001AFECADF318)
[LOG] SoundI::release                          :     Dolphin 1 (000001AF68F35628)
[LOG] SoundI::release                          :  (000001B00DEC2DD8)
[LOG] SoundI::release                          :     Dolphin 2 (000001AF41623968)
[LOG] SoundI::release                          :  (000001AF688ED498)
[LOG] SoundI::release                          :     Dolphin 3 (000001B034BCC2D8)
[LOG] SoundI::release                          :  (000001B012769F38)
[LOG] SoundI::release                          :     Dolphin 4 (000001B034BCC7B8)
[LOG] SoundI::release                          :  (000001B01276A668)
[LOG] SoundI::release                          :     Sproing 1 (000001B034BCE348)
[LOG] SoundI::release                          :  (000001AFECAE1148)
[LOG] SoundI::release                          :     Sproing 2 (000001AF3C3406C8)
[LOG] SoundI::release                          :  (000001AFECADE628)
[LOG] SoundI::release                          :     Sproing 3 (000001AF68F35148)
